# JRE version: OpenJDK Runtime Environment (7.0_75-b13) (build 1.7.0_75-b13)
# Java VM: OpenJDK 64-Bit Server VM (24.75-b04 mixed mode linux-amd64 compressed oops)
Heap
 def new generation   total 25472K, used 0K [0x00000000d6800000, 0x00000000d83a0000, 0x00000000e0e00000)
  eden space 22656K,   0% used [0x00000000d6800000, 0x00000000d6800000, 0x00000000d7e20000)
  from space 2816K,   0% used [0x00000000d7e20000, 0x00000000d7e20000, 0x00000000d80e0000)
  to   space 2816K,   0% used [0x00000000d80e0000, 0x00000000d80e0000, 0x00000000d83a0000)
 tenured generation   total 75140K, used 53861K [0x00000000e0e00000, 0x00000000e5761000, 0x00000000f5a00000)
   the space 75140K,  71% used [0x00000000e0e00000, 0x00000000e4299580, 0x00000000e4299600, 0x00000000e5761000)
 compacting perm gen  total 21248K, used 21005K [0x00000000f5a00000, 0x00000000f6ec0000, 0x0000000100000000)
   the space 21248K,  98% used [0x00000000f5a00000, 0x00000000f6e83540, 0x00000000f6e83600, 0x00000000f6ec0000)
GC Heap History (10 events):
Event: 1834.200 GC heap after
Heap after GC invocations=5751 (full 7):
 def new generation   total 21312K, used 0K [0x00000000d6800000, 0x00000000d7f20000, 0x00000000e0e00000)
  eden space 18944K,   0% used [0x00000000d6800000, 0x00000000d6800000, 0x00000000d7a80000)
  from space 2368K,   0% used [0x00000000d7a80000, 0x00000000d7a802d8, 0x00000000d7cd0000)
  to   space 2368K,   0% used [0x00000000d7cd0000, 0x00000000d7cd0000, 0x00000000d7f20000)
 tenured generation   total 47244K, used 28733K [0x00000000e0e00000, 0x00000000e3c23000, 0x00000000f5a00000)
   the space 47244K,  60% used [0x00000000e0e00000, 0x00000000e2a0f548, 0x00000000e2a0f600, 0x00000000e3c23000)
 compacting perm gen  total 21248K, used 20372K [0x00000000f5a00000, 0x00000000f6ec0000, 0x0000000100000000)
   the space 21248K,  95% used [0x00000000f5a00000, 0x00000000f6de53f8, 0x00000000f6de5400, 0x00000000f6ec0000)
No shared spaces configured.
}
Event: 1838.864 GC heap before
{Heap before GC invocations=5751 (full 7):
 def new generation   total 21312K, used 18944K [0x00000000d6800000, 0x00000000d7f20000, 0x00000000e0e00000)
  eden space 18944K, 100% used [0x00000000d6800000, 0x00000000d7a80000, 0x00000000d7a80000)
  from space 2368K,   0% used [0x00000000d7a80000, 0x00000000d7a802d8, 0x00000000d7cd0000)
  to   space 2368K,   0% used [0x00000000d7cd0000, 0x00000000d7cd0000, 0x00000000d7f20000)
 tenured generation   total 47244K, used 28733K [0x00000000e0e00000, 0x00000000e3c23000, 0x00000000f5a00000)
   the space 47244K,  60% used [0x00000000e0e00000, 0x00000000e2a0f548, 0x00000000e2a0f600, 0x00000000e3c23000)
 compacting perm gen  total 21248K, used 20445K [0x00000000f5a00000, 0x00000000f6ec0000, 0x0000000100000000)
   the space 21248K,  96% used [0x00000000f5a00000, 0x00000000f6df7698, 0x00000000f6df7800, 0x00000000f6ec0000)
No shared spaces configured.
Event: 1838.866 GC heap after
Heap after GC invocations=5752 (full 7):
 def new generation   total 21312K, used 260K [0x00000000d6800000, 0x00000000d7f20000, 0x00000000e0e00000)
  eden space 18944K,   0% used [0x00000000d6800000, 0x00000000d6800000, 0x00000000d7a80000)
  from space 2368K,  11% used [0x00000000d7cd0000, 0x00000000d7d113b0, 0x00000000d7f20000)
  to   space 2368K,   0% used [0x00000000d7a80000, 0x00000000d7a80000, 0x00000000d7cd0000)
 tenured generation   total 47244K, used 28733K [0x00000000e0e00000, 0x00000000e3c23000, 0x00000000f5a00000)
   the space 47244K,  60% used [0x00000000e0e00000, 0x00000000e2a0f548, 0x00000000e2a0f600, 0x00000000e3c23000)
 compacting perm gen  total 21248K, used 20445K [0x00000000f5a00000, 0x00000000f6ec0000, 0x0000000100000000)
   the space 21248K,  96% used [0x00000000f5a00000, 0x00000000f6df7698, 0x00000000f6df7800, 0x00000000f6ec0000)
No shared spaces configured.
}
Event: 1839.550 GC heap before
{Heap before GC invocations=5752 (full 7):
 def new generation   total 21312K, used 14257K [0x00000000d6800000, 0x00000000d7f20000, 0x00000000e0e00000)
  eden space 18944K,  73% used [0x00000000d6800000, 0x00000000d75ab080, 0x00000000d7a80000)
  from space 2368K,  11% used [0x00000000d7cd0000, 0x00000000d7d113b0, 0x00000000d7f20000)
  to   space 2368K,   0% used [0x00000000d7a80000, 0x00000000d7a80000, 0x00000000d7cd0000)
 tenured generation   total 47244K, used 28733K [0x00000000e0e00000, 0x00000000e3c23000, 0x00000000f5a00000)
   the space 47244K,  60% used [0x00000000e0e00000, 0x00000000e2a0f548, 0x00000000e2a0f600, 0x00000000e3c23000)
 compacting perm gen  total 21248K, used 20567K [0x00000000f5a00000, 0x00000000f6ec0000, 0x0000000100000000)
   the space 21248K,  96% used [0x00000000f5a00000, 0x00000000f6e15fb0, 0x00000000f6e16000, 0x00000000f6ec0000)
No shared spaces configured.
Event: 1839.615 GC heap after
Heap after GC invocations=5753 (full 7):
 def new generation   total 21312K, used 89K [0x00000000d6800000, 0x00000000d7f20000, 0x00000000e0e00000)
  eden space 18944K,   0% used [0x00000000d6800000, 0x00000000d6800000, 0x00000000d7a80000)
  from space 2368K,   3% used [0x00000000d7a80000, 0x00000000d7a96638, 0x00000000d7cd0000)
  to   space 2368K,   0% used [0x00000000d7cd0000, 0x00000000d7cd0000, 0x00000000d7f20000)
 tenured generation   total 47244K, used 40439K [0x00000000e0e00000, 0x00000000e3c23000, 0x00000000f5a00000)
   the space 47244K,  85% used [0x00000000e0e00000, 0x00000000e357de30, 0x00000000e357e000, 0x00000000e3c23000)
 compacting perm gen  total 21248K, used 20567K [0x00000000f5a00000, 0x00000000f6ec0000, 0x0000000100000000)
   the space 21248K,  96% used [0x00000000f5a00000, 0x00000000f6e15fb0, 0x00000000f6e16000, 0x00000000f6ec0000)
No shared spaces configured.
}
Event: 1839.682 GC heap before
{Heap before GC invocations=5753 (full 7):
 def new generation   total 21312K, used 17648K [0x00000000d6800000, 0x00000000d7f20000, 0x00000000e0e00000)
  eden space 18944K,  92% used [0x00000000d6800000, 0x00000000d7925d50, 0x00000000d7a80000)
  from space 2368K,   3% used [0x00000000d7a80000, 0x00000000d7a96638, 0x00000000d7cd0000)
  to   space 2368K,   0% used [0x00000000d7cd0000, 0x00000000d7cd0000, 0x00000000d7f20000)
 tenured generation   total 47244K, used 40439K [0x00000000e0e00000, 0x00000000e3c23000, 0x00000000f5a00000)
   the space 47244K,  85% used [0x00000000e0e00000, 0x00000000e357de30, 0x00000000e357e000, 0x00000000e3c23000)
 compacting perm gen  total 21248K, used 20567K [0x00000000f5a00000, 0x00000000f6ec0000, 0x0000000100000000)
   the space 21248K,  96% used [0x00000000f5a00000, 0x00000000f6e15fb0, 0x00000000f6e16000, 0x00000000f6ec0000)
No shared spaces configured.
Event: 1840.723 GC heap after
Heap after GC invocations=5754 (full 8):
 def new generation   total 25472K, used 0K [0x00000000d6800000, 0x00000000d83a0000, 0x00000000e0e00000)
  eden space 22656K,   0% used [0x00000000d6800000, 0x00000000d6800000, 0x00000000d7e20000)
  from space 2816K,   0% used [0x00000000d7e20000, 0x00000000d7e20000, 0x00000000d80e0000)
  to   space 2816K,   0% used [0x00000000d80e0000, 0x00000000d80e0000, 0x00000000d83a0000)
 tenured generation   total 56516K, used 33908K [0x00000000e0e00000, 0x00000000e4531000, 0x00000000f5a00000)
   the space 56516K,  59% used [0x00000000e0e00000, 0x00000000e2f1d250, 0x00000000e2f1d400, 0x00000000e4531000)
 compacting perm gen  total 21248K, used 20517K [0x00000000f5a00000, 0x00000000f6ec0000, 0x0000000100000000)
   the space 21248K,  96% used [0x00000000f5a00000, 0x00000000f6e09528, 0x00000000f6e09600, 0x00000000f6ec0000)
No shared spaces configured.
}
Event: 1847.774 GC heap before
{Heap before GC invocations=5754 (full 8):
 def new generation   total 25472K, used 22656K [0x00000000d6800000, 0x00000000d83a0000, 0x00000000e0e00000)
  eden space 22656K, 100% used [0x00000000d6800000, 0x00000000d7e20000, 0x00000000d7e20000)
  from space 2816K,   0% used [0x00000000d7e20000, 0x00000000d7e20000, 0x00000000d80e0000)
  to   space 2816K,   0% used [0x00000000d80e0000, 0x00000000d80e0000, 0x00000000d83a0000)
 tenured generation   total 56516K, used 33908K [0x00000000e0e00000, 0x00000000e4531000, 0x00000000f5a00000)
   the space 56516K,  59% used [0x00000000e0e00000, 0x00000000e2f1d250, 0x00000000e2f1d400, 0x00000000e4531000)
 compacting perm gen  total 21248K, used 20930K [0x00000000f5a00000, 0x00000000f6ec0000, 0x0000000100000000)
   the space 21248K,  98% used [0x00000000f5a00000, 0x00000000f6e70870, 0x00000000f6e70a00, 0x00000000f6ec0000)
No shared spaces configured.
Event: 1847.971 GC heap after
Heap after GC invocations=5755 (full 8):
 def new generation   total 25472K, used 2815K [0x00000000d6800000, 0x00000000d83a0000, 0x00000000e0e00000)
  eden space 22656K,   0% used [0x00000000d6800000, 0x00000000d6800000, 0x00000000d7e20000)
  from space 2816K,  99% used [0x00000000d80e0000, 0x00000000d839fff8, 0x00000000d83a0000)
  to   space 2816K,   0% used [0x00000000d7e20000, 0x00000000d7e20000, 0x00000000d80e0000)
 tenured generation   total 56516K, used 53086K [0x00000000e0e00000, 0x00000000e4531000, 0x00000000f5a00000)
   the space 56516K,  93% used [0x00000000e0e00000, 0x00000000e41d7a10, 0x00000000e41d7c00, 0x00000000e4531000)
 compacting perm gen  total 21248K, used 20930K [0x00000000f5a00000, 0x00000000f6ec0000, 0x0000000100000000)
   the space 21248K,  98% used [0x00000000f5a00000, 0x00000000f6e70870, 0x00000000f6e70a00, 0x00000000f6ec0000)
No shared spaces configured.
}
Event: 1852.437 GC heap before
{Heap before GC invocations=5755 (full 8):
 def new generation   total 25472K, used 25471K [0x00000000d6800000, 0x00000000d83a0000, 0x00000000e0e00000)
  eden space 22656K, 100% used [0x00000000d6800000, 0x00000000d7e20000, 0x00000000d7e20000)
  from space 2816K,  99% used [0x00000000d80e0000, 0x00000000d839fff8, 0x00000000d83a0000)
  to   space 2816K,   0% used [0x00000000d7e20000, 0x00000000d7e20000, 0x00000000d80e0000)
 tenured generation   total 56516K, used 53086K [0x00000000e0e00000, 0x00000000e4531000, 0x00000000f5a00000)
   the space 56516K,  93% used [0x00000000e0e00000, 0x00000000e41d7a10, 0x00000000e41d7c00, 0x00000000e4531000)
 compacting perm gen  total 21248K, used 21005K [0x00000000f5a00000, 0x00000000f6ec0000, 0x0000000100000000)
   the space 21248K,  98% used [0x00000000f5a00000, 0x00000000f6e83540, 0x00000000f6e83600, 0x00000000f6ec0000)
No shared spaces configured.

