# JRE version: OpenJDK Runtime Environment (7.0_75-b13) (build 1.7.0_75-b13)
# Java VM: OpenJDK 64-Bit Server VM (24.75-b04 mixed mode linux-amd64 compressed oops)
Heap
 def new generation   total 75904K, used 74229K [0x00000000d6800000, 0x00000000dba50000, 0x00000000e0e00000)
  eden space 67520K,  97% used [0x00000000d6800000, 0x00000000da86d800, 0x00000000da9f0000)
  from space 8384K,  98% used [0x00000000da9f0000, 0x00000000db1ffe50, 0x00000000db220000)
  to   space 8384K,   0% used [0x00000000db220000, 0x00000000db220018, 0x00000000dba50000)
 tenured generation   total 168564K, used 167271K [0x00000000e0e00000, 0x00000000eb29d000, 0x00000000f5a00000)
   the space 168564K,  99% used [0x00000000e0e00000, 0x00000000eb159ca0, 0x00000000eb159e00, 0x00000000eb29d000)
 compacting perm gen  total 26048K, used 25962K [0x00000000f5a00000, 0x00000000f7370000, 0x0000000100000000)
   the space 26048K,  99% used [0x00000000f5a00000, 0x00000000f735ab58, 0x00000000f735ac00, 0x00000000f7370000)
GC Heap History (10 events):
Event: 2482.340 GC heap after
Heap after GC invocations=3482 (full 107):
 def new generation   total 75904K, used 8255K [0x00000000d6800000, 0x00000000dba50000, 0x00000000e0e00000)
  eden space 67520K,   0% used [0x00000000d6800000, 0x00000000d6800000, 0x00000000da9f0000)
  from space 8384K,  98% used [0x00000000da9f0000, 0x00000000db1ffc38, 0x00000000db220000)
  to   space 8384K,   0% used [0x00000000db220000, 0x00000000db220000, 0x00000000dba50000)
 tenured generation   total 168564K, used 129747K [0x00000000e0e00000, 0x00000000eb29d000, 0x00000000f5a00000)
   the space 168564K,  76% used [0x00000000e0e00000, 0x00000000e8cb4da8, 0x00000000e8cb4e00, 0x00000000eb29d000)
 compacting perm gen  total 26048K, used 25962K [0x00000000f5a00000, 0x00000000f7370000, 0x0000000100000000)
   the space 26048K,  99% used [0x00000000f5a00000, 0x00000000f735ab58, 0x00000000f735ac00, 0x00000000f7370000)
No shared spaces configured.
}
Event: 2482.961 GC heap before
{Heap before GC invocations=3482 (full 107):
 def new generation   total 75904K, used 71993K [0x00000000d6800000, 0x00000000dba50000, 0x00000000e0e00000)
  eden space 67520K,  94% used [0x00000000d6800000, 0x00000000da63e9b0, 0x00000000da9f0000)
  from space 8384K,  98% used [0x00000000da9f0000, 0x00000000db1ffc38, 0x00000000db220000)
  to   space 8384K,   0% used [0x00000000db220000, 0x00000000db220000, 0x00000000dba50000)
 tenured generation   total 168564K, used 129747K [0x00000000e0e00000, 0x00000000eb29d000, 0x00000000f5a00000)
   the space 168564K,  76% used [0x00000000e0e00000, 0x00000000e8cb4da8, 0x00000000e8cb4e00, 0x00000000eb29d000)
 compacting perm gen  total 26048K, used 25962K [0x00000000f5a00000, 0x00000000f7370000, 0x0000000100000000)
   the space 26048K,  99% used [0x00000000f5a00000, 0x00000000f735ab58, 0x00000000f735ac00, 0x00000000f7370000)
No shared spaces configured.
Event: 2483.024 GC heap after
Heap after GC invocations=3483 (full 107):
 def new generation   total 75904K, used 4912K [0x00000000d6800000, 0x00000000dba50000, 0x00000000e0e00000)
  eden space 67520K,   0% used [0x00000000d6800000, 0x00000000d6800000, 0x00000000da9f0000)
  from space 8384K,  58% used [0x00000000db220000, 0x00000000db6ec078, 0x00000000dba50000)
  to   space 8384K,   0% used [0x00000000da9f0000, 0x00000000da9f0000, 0x00000000db220000)
 tenured generation   total 168564K, used 138001K [0x00000000e0e00000, 0x00000000eb29d000, 0x00000000f5a00000)
   the space 168564K,  81% used [0x00000000e0e00000, 0x00000000e94c45f8, 0x00000000e94c4600, 0x00000000eb29d000)
 compacting perm gen  total 26048K, used 25962K [0x00000000f5a00000, 0x00000000f7370000, 0x0000000100000000)
   the space 26048K,  99% used [0x00000000f5a00000, 0x00000000f735ab58, 0x00000000f735ac00, 0x00000000f7370000)
No shared spaces configured.
}
Event: 2483.738 GC heap before
{Heap before GC invocations=3483 (full 107):
 def new generation   total 75904K, used 68053K [0x00000000d6800000, 0x00000000dba50000, 0x00000000e0e00000)
  eden space 67520K,  93% used [0x00000000d6800000, 0x00000000da5a93d8, 0x00000000da9f0000)
  from space 8384K,  58% used [0x00000000db220000, 0x00000000db6ec078, 0x00000000dba50000)
  to   space 8384K,   0% used [0x00000000da9f0000, 0x00000000da9f0000, 0x00000000db220000)
 tenured generation   total 168564K, used 138001K [0x00000000e0e00000, 0x00000000eb29d000, 0x00000000f5a00000)
   the space 168564K,  81% used [0x00000000e0e00000, 0x00000000e94c45f8, 0x00000000e94c4600, 0x00000000eb29d000)
 compacting perm gen  total 26048K, used 25962K [0x00000000f5a00000, 0x00000000f7370000, 0x0000000100000000)
   the space 26048K,  99% used [0x00000000f5a00000, 0x00000000f735ab58, 0x00000000f735ac00, 0x00000000f7370000)
No shared spaces configured.
Event: 2483.835 GC heap after
Heap after GC invocations=3484 (full 107):
 def new generation   total 75904K, used 8254K [0x00000000d6800000, 0x00000000dba50000, 0x00000000e0e00000)
  eden space 67520K,   0% used [0x00000000d6800000, 0x00000000d6800000, 0x00000000da9f0000)
  from space 8384K,  98% used [0x00000000da9f0000, 0x00000000db1ffa00, 0x00000000db220000)
  to   space 8384K,   0% used [0x00000000db220000, 0x00000000db220000, 0x00000000dba50000)
 tenured generation   total 168564K, used 146551K [0x00000000e0e00000, 0x00000000eb29d000, 0x00000000f5a00000)
   the space 168564K,  86% used [0x00000000e0e00000, 0x00000000e9d1df88, 0x00000000e9d1e000, 0x00000000eb29d000)
 compacting perm gen  total 26048K, used 25962K [0x00000000f5a00000, 0x00000000f7370000, 0x0000000100000000)
   the space 26048K,  99% used [0x00000000f5a00000, 0x00000000f735ab58, 0x00000000f735ac00, 0x00000000f7370000)
No shared spaces configured.
}
Event: 2484.723 GC heap before
{Heap before GC invocations=3484 (full 107):
 def new generation   total 75904K, used 73924K [0x00000000d6800000, 0x00000000dba50000, 0x00000000e0e00000)
  eden space 67520K,  97% used [0x00000000d6800000, 0x00000000da821930, 0x00000000da9f0000)
  from space 8384K,  98% used [0x00000000da9f0000, 0x00000000db1ffa00, 0x00000000db220000)
  to   space 8384K,   0% used [0x00000000db220000, 0x00000000db220000, 0x00000000dba50000)
 tenured generation   total 168564K, used 146551K [0x00000000e0e00000, 0x00000000eb29d000, 0x00000000f5a00000)
   the space 168564K,  86% used [0x00000000e0e00000, 0x00000000e9d1df88, 0x00000000e9d1e000, 0x00000000eb29d000)
 compacting perm gen  total 26048K, used 25962K [0x00000000f5a00000, 0x00000000f7370000, 0x0000000100000000)
   the space 26048K,  99% used [0x00000000f5a00000, 0x00000000f735ab58, 0x00000000f735ac00, 0x00000000f7370000)
No shared spaces configured.
Event: 2484.787 GC heap after
Heap after GC invocations=3485 (full 107):
 def new generation   total 75904K, used 4247K [0x00000000d6800000, 0x00000000dba50000, 0x00000000e0e00000)
  eden space 67520K,   0% used [0x00000000d6800000, 0x00000000d6800000, 0x00000000da9f0000)
  from space 8384K,  50% used [0x00000000db220000, 0x00000000db645e60, 0x00000000dba50000)
  to   space 8384K,   0% used [0x00000000da9f0000, 0x00000000da9f0000, 0x00000000db220000)
 tenured generation   total 168564K, used 154806K [0x00000000e0e00000, 0x00000000eb29d000, 0x00000000f5a00000)
   the space 168564K,  91% used [0x00000000e0e00000, 0x00000000ea52da00, 0x00000000ea52da00, 0x00000000eb29d000)
 compacting perm gen  total 26048K, used 25962K [0x00000000f5a00000, 0x00000000f7370000, 0x0000000100000000)
   the space 26048K,  99% used [0x00000000f5a00000, 0x00000000f735ab58, 0x00000000f735ac00, 0x00000000f7370000)
No shared spaces configured.
}
Event: 2485.538 GC heap before
{Heap before GC invocations=3485 (full 107):
 def new generation   total 75904K, used 65742K [0x00000000d6800000, 0x00000000dba50000, 0x00000000e0e00000)
  eden space 67520K,  91% used [0x00000000d6800000, 0x00000000da40dbe0, 0x00000000da9f0000)
  from space 8384K,  50% used [0x00000000db220000, 0x00000000db645e60, 0x00000000dba50000)
  to   space 8384K,   0% used [0x00000000da9f0000, 0x00000000da9f0000, 0x00000000db220000)
 tenured generation   total 168564K, used 154806K [0x00000000e0e00000, 0x00000000eb29d000, 0x00000000f5a00000)
   the space 168564K,  91% used [0x00000000e0e00000, 0x00000000ea52da00, 0x00000000ea52da00, 0x00000000eb29d000)
 compacting perm gen  total 26048K, used 25962K [0x00000000f5a00000, 0x00000000f7370000, 0x0000000100000000)
   the space 26048K,  99% used [0x00000000f5a00000, 0x00000000f735ab58, 0x00000000f735ac00, 0x00000000f7370000)
No shared spaces configured.
Event: 2485.603 GC heap after
Heap after GC invocations=3486 (full 107):
 def new generation   total 75904K, used 8255K [0x00000000d6800000, 0x00000000dba50000, 0x00000000e0e00000)
  eden space 67520K,   0% used [0x00000000d6800000, 0x00000000d6800000, 0x00000000da9f0000)
  from space 8384K,  98% used [0x00000000da9f0000, 0x00000000db1ffe50, 0x00000000db220000)
  to   space 8384K,   0% used [0x00000000db220000, 0x00000000db220000, 0x00000000dba50000)
 tenured generation   total 168564K, used 167271K [0x00000000e0e00000, 0x00000000eb29d000, 0x00000000f5a00000)
   the space 168564K,  99% used [0x00000000e0e00000, 0x00000000eb159ca0, 0x00000000eb159e00, 0x00000000eb29d000)
 compacting perm gen  total 26048K, used 25962K [0x00000000f5a00000, 0x00000000f7370000, 0x0000000100000000)
   the space 26048K,  99% used [0x00000000f5a00000, 0x00000000f735ab58, 0x00000000f735ac00, 0x00000000f7370000)
No shared spaces configured.
}
Event: 2486.320 GC heap before
{Heap before GC invocations=3486 (full 107):
 def new generation   total 75904K, used 74229K [0x00000000d6800000, 0x00000000dba50000, 0x00000000e0e00000)
  eden space 67520K,  97% used [0x00000000d6800000, 0x00000000da86d800, 0x00000000da9f0000)
  from space 8384K,  98% used [0x00000000da9f0000, 0x00000000db1ffe50, 0x00000000db220000)
  to   space 8384K,   0% used [0x00000000db220000, 0x00000000db220000, 0x00000000dba50000)
 tenured generation   total 168564K, used 167271K [0x00000000e0e00000, 0x00000000eb29d000, 0x00000000f5a00000)
   the space 168564K,  99% used [0x00000000e0e00000, 0x00000000eb159ca0, 0x00000000eb159e00, 0x00000000eb29d000)
 compacting perm gen  total 26048K, used 25962K [0x00000000f5a00000, 0x00000000f7370000, 0x0000000100000000)
   the space 26048K,  99% used [0x00000000f5a00000, 0x00000000f735ab58, 0x00000000f735ac00, 0x00000000f7370000)
No shared spaces configured.

