# JRE version: OpenJDK Runtime Environment (7.0_75-b13) (build 1.7.0_75-b13)
# Java VM: OpenJDK 64-Bit Server VM (24.75-b04 mixed mode linux-amd64 compressed oops)
Heap
 def new generation   total 84672K, used 79812K [0x00000000d6800000, 0x00000000dc3d0000, 0x00000000e0e00000)
  eden space 75328K,  99% used [0x00000000d6800000, 0x00000000db0fe4f0, 0x00000000db190000)
  from space 9344K,  54% used [0x00000000dbab0000, 0x00000000dbfa2cc8, 0x00000000dc3d0000)
  to   space 9344K,   0% used [0x00000000db190000, 0x00000000db190030, 0x00000000dbab0000)
 tenured generation   total 188008K, used 187470K [0x00000000e0e00000, 0x00000000ec59a000, 0x00000000f5a00000)
   the space 188008K,  99% used [0x00000000e0e00000, 0x00000000ec5138d8, 0x00000000ec513a00, 0x00000000ec59a000)
 compacting perm gen  total 25216K, used 25212K [0x00000000f5a00000, 0x00000000f72a0000, 0x0000000100000000)
   the space 25216K,  99% used [0x00000000f5a00000, 0x00000000f729f060, 0x00000000f729f200, 0x00000000f72a0000)
GC Heap History (10 events):
Event: 2082.661 GC heap after
Heap after GC invocations=2966 (full 17):
 def new generation   total 84672K, used 8112K [0x00000000d6800000, 0x00000000dc3d0000, 0x00000000e0e00000)
  eden space 75328K,   0% used [0x00000000d6800000, 0x00000000d6800000, 0x00000000db190000)
  from space 9344K,  86% used [0x00000000dbab0000, 0x00000000dc29c090, 0x00000000dc3d0000)
  to   space 9344K,   0% used [0x00000000db190000, 0x00000000db190000, 0x00000000dbab0000)
 tenured generation   total 188008K, used 152113K [0x00000000e0e00000, 0x00000000ec59a000, 0x00000000f5a00000)
   the space 188008K,  80% used [0x00000000e0e00000, 0x00000000ea28c7f8, 0x00000000ea28c800, 0x00000000ec59a000)
 compacting perm gen  total 25216K, used 25212K [0x00000000f5a00000, 0x00000000f72a0000, 0x0000000100000000)
   the space 25216K,  99% used [0x00000000f5a00000, 0x00000000f729f060, 0x00000000f729f200, 0x00000000f72a0000)
No shared spaces configured.
}
Event: 2083.443 GC heap before
{Heap before GC invocations=2966 (full 17):
 def new generation   total 84672K, used 81533K [0x00000000d6800000, 0x00000000dc3d0000, 0x00000000e0e00000)
  eden space 75328K,  97% used [0x00000000d6800000, 0x00000000dafb3698, 0x00000000db190000)
  from space 9344K,  86% used [0x00000000dbab0000, 0x00000000dc29c090, 0x00000000dc3d0000)
  to   space 9344K,   0% used [0x00000000db190000, 0x00000000db190000, 0x00000000dbab0000)
 tenured generation   total 188008K, used 152113K [0x00000000e0e00000, 0x00000000ec59a000, 0x00000000f5a00000)
   the space 188008K,  80% used [0x00000000e0e00000, 0x00000000ea28c7f8, 0x00000000ea28c800, 0x00000000ec59a000)
 compacting perm gen  total 25216K, used 25212K [0x00000000f5a00000, 0x00000000f72a0000, 0x0000000100000000)
   the space 25216K,  99% used [0x00000000f5a00000, 0x00000000f729f060, 0x00000000f729f200, 0x00000000f72a0000)
No shared spaces configured.
Event: 2083.447 GC heap after
Heap after GC invocations=2967 (full 17):
 def new generation   total 84672K, used 8838K [0x00000000d6800000, 0x00000000dc3d0000, 0x00000000e0e00000)
  eden space 75328K,   0% used [0x00000000d6800000, 0x00000000d6800000, 0x00000000db190000)
  from space 9344K,  94% used [0x00000000db190000, 0x00000000dba31bb8, 0x00000000dbab0000)
  to   space 9344K,   0% used [0x00000000dbab0000, 0x00000000dbab0000, 0x00000000dc3d0000)
 tenured generation   total 188008K, used 160952K [0x00000000e0e00000, 0x00000000ec59a000, 0x00000000f5a00000)
   the space 188008K,  85% used [0x00000000e0e00000, 0x00000000eab2e2c0, 0x00000000eab2e400, 0x00000000ec59a000)
 compacting perm gen  total 25216K, used 25212K [0x00000000f5a00000, 0x00000000f72a0000, 0x0000000100000000)
   the space 25216K,  99% used [0x00000000f5a00000, 0x00000000f729f060, 0x00000000f729f200, 0x00000000f72a0000)
No shared spaces configured.
}
Event: 2084.456 GC heap before
{Heap before GC invocations=2967 (full 17):
 def new generation   total 84672K, used 77712K [0x00000000d6800000, 0x00000000dc3d0000, 0x00000000e0e00000)
  eden space 75328K,  91% used [0x00000000d6800000, 0x00000000dab42818, 0x00000000db190000)
  from space 9344K,  94% used [0x00000000db190000, 0x00000000dba31bb8, 0x00000000dbab0000)
  to   space 9344K,   0% used [0x00000000dbab0000, 0x00000000dbab0000, 0x00000000dc3d0000)
 tenured generation   total 188008K, used 160952K [0x00000000e0e00000, 0x00000000ec59a000, 0x00000000f5a00000)
   the space 188008K,  85% used [0x00000000e0e00000, 0x00000000eab2e2c0, 0x00000000eab2e400, 0x00000000ec59a000)
 compacting perm gen  total 25216K, used 25212K [0x00000000f5a00000, 0x00000000f72a0000, 0x0000000100000000)
   the space 25216K,  99% used [0x00000000f5a00000, 0x00000000f729f060, 0x00000000f729f200, 0x00000000f72a0000)
No shared spaces configured.
Event: 2084.553 GC heap after
Heap after GC invocations=2968 (full 17):
 def new generation   total 84672K, used 9250K [0x00000000d6800000, 0x00000000dc3d0000, 0x00000000e0e00000)
  eden space 75328K,   0% used [0x00000000d6800000, 0x00000000d6800000, 0x00000000db190000)
  from space 9344K,  98% used [0x00000000dbab0000, 0x00000000dc3b8850, 0x00000000dc3d0000)
  to   space 9344K,   0% used [0x00000000db190000, 0x00000000db190000, 0x00000000dbab0000)
 tenured generation   total 188008K, used 169791K [0x00000000e0e00000, 0x00000000ec59a000, 0x00000000f5a00000)
   the space 188008K,  90% used [0x00000000e0e00000, 0x00000000eb3cff28, 0x00000000eb3d0000, 0x00000000ec59a000)
 compacting perm gen  total 25216K, used 25212K [0x00000000f5a00000, 0x00000000f72a0000, 0x0000000100000000)
   the space 25216K,  99% used [0x00000000f5a00000, 0x00000000f729f060, 0x00000000f729f200, 0x00000000f72a0000)
No shared spaces configured.
}
Event: 2085.699 GC heap before
{Heap before GC invocations=2968 (full 17):
 def new generation   total 84672K, used 83294K [0x00000000d6800000, 0x00000000dc3d0000, 0x00000000e0e00000)
  eden space 75328K,  98% used [0x00000000d6800000, 0x00000000db04f2e0, 0x00000000db190000)
  from space 9344K,  98% used [0x00000000dbab0000, 0x00000000dc3b8850, 0x00000000dc3d0000)
  to   space 9344K,   0% used [0x00000000db190000, 0x00000000db190000, 0x00000000dbab0000)
 tenured generation   total 188008K, used 169791K [0x00000000e0e00000, 0x00000000ec59a000, 0x00000000f5a00000)
   the space 188008K,  90% used [0x00000000e0e00000, 0x00000000eb3cff28, 0x00000000eb3d0000, 0x00000000ec59a000)
 compacting perm gen  total 25216K, used 25212K [0x00000000f5a00000, 0x00000000f72a0000, 0x0000000100000000)
   the space 25216K,  99% used [0x00000000f5a00000, 0x00000000f729f060, 0x00000000f729f200, 0x00000000f72a0000)
No shared spaces configured.
Event: 2085.764 GC heap after
Heap after GC invocations=2969 (full 17):
 def new generation   total 84672K, used 6903K [0x00000000d6800000, 0x00000000dc3d0000, 0x00000000e0e00000)
  eden space 75328K,   0% used [0x00000000d6800000, 0x00000000d6800000, 0x00000000db190000)
  from space 9344K,  73% used [0x00000000db190000, 0x00000000db84de78, 0x00000000dbab0000)
  to   space 9344K,   0% used [0x00000000dbab0000, 0x00000000dbab0000, 0x00000000dc3d0000)
 tenured generation   total 188008K, used 178630K [0x00000000e0e00000, 0x00000000ec59a000, 0x00000000f5a00000)
   the space 188008K,  95% used [0x00000000e0e00000, 0x00000000ebc71bb0, 0x00000000ebc71c00, 0x00000000ec59a000)
 compacting perm gen  total 25216K, used 25212K [0x00000000f5a00000, 0x00000000f72a0000, 0x0000000100000000)
   the space 25216K,  99% used [0x00000000f5a00000, 0x00000000f729f060, 0x00000000f729f200, 0x00000000f72a0000)
No shared spaces configured.
}
Event: 2086.514 GC heap before
{Heap before GC invocations=2969 (full 17):
 def new generation   total 84672K, used 73158K [0x00000000d6800000, 0x00000000dc3d0000, 0x00000000e0e00000)
  eden space 75328K,  87% used [0x00000000d6800000, 0x00000000da8b3c68, 0x00000000db190000)
  from space 9344K,  73% used [0x00000000db190000, 0x00000000db84de78, 0x00000000dbab0000)
  to   space 9344K,   0% used [0x00000000dbab0000, 0x00000000dbab0000, 0x00000000dc3d0000)
 tenured generation   total 188008K, used 178630K [0x00000000e0e00000, 0x00000000ec59a000, 0x00000000f5a00000)
   the space 188008K,  95% used [0x00000000e0e00000, 0x00000000ebc71bb0, 0x00000000ebc71c00, 0x00000000ec59a000)
 compacting perm gen  total 25216K, used 25212K [0x00000000f5a00000, 0x00000000f72a0000, 0x0000000100000000)
   the space 25216K,  99% used [0x00000000f5a00000, 0x00000000f729f060, 0x00000000f729f200, 0x00000000f72a0000)
No shared spaces configured.
Event: 2086.578 GC heap after
Heap after GC invocations=2970 (full 17):
 def new generation   total 84672K, used 5067K [0x00000000d6800000, 0x00000000dc3d0000, 0x00000000e0e00000)
  eden space 75328K,   0% used [0x00000000d6800000, 0x00000000d6800000, 0x00000000db190000)
  from space 9344K,  54% used [0x00000000dbab0000, 0x00000000dbfa2cc8, 0x00000000dc3d0000)
  to   space 9344K,   0% used [0x00000000db190000, 0x00000000db190000, 0x00000000dbab0000)
 tenured generation   total 188008K, used 187470K [0x00000000e0e00000, 0x00000000ec59a000, 0x00000000f5a00000)
   the space 188008K,  99% used [0x00000000e0e00000, 0x00000000ec5138d8, 0x00000000ec513a00, 0x00000000ec59a000)
 compacting perm gen  total 25216K, used 25212K [0x00000000f5a00000, 0x00000000f72a0000, 0x0000000100000000)
   the space 25216K,  99% used [0x00000000f5a00000, 0x00000000f729f060, 0x00000000f729f200, 0x00000000f72a0000)
No shared spaces configured.
}
Event: 2087.518 GC heap before
{Heap before GC invocations=2970 (full 17):
 def new generation   total 84672K, used 79812K [0x00000000d6800000, 0x00000000dc3d0000, 0x00000000e0e00000)
  eden space 75328K,  99% used [0x00000000d6800000, 0x00000000db0fe4f0, 0x00000000db190000)
  from space 9344K,  54% used [0x00000000dbab0000, 0x00000000dbfa2cc8, 0x00000000dc3d0000)
  to   space 9344K,   0% used [0x00000000db190000, 0x00000000db190000, 0x00000000dbab0000)
 tenured generation   total 188008K, used 187470K [0x00000000e0e00000, 0x00000000ec59a000, 0x00000000f5a00000)
   the space 188008K,  99% used [0x00000000e0e00000, 0x00000000ec5138d8, 0x00000000ec513a00, 0x00000000ec59a000)
 compacting perm gen  total 25216K, used 25212K [0x00000000f5a00000, 0x00000000f72a0000, 0x0000000100000000)
   the space 25216K,  99% used [0x00000000f5a00000, 0x00000000f729f060, 0x00000000f729f200, 0x00000000f72a0000)
No shared spaces configured.

