# JRE version: OpenJDK Runtime Environment (7.0_75-b13) (build 1.7.0_75-b13)
# Java VM: OpenJDK 64-Bit Server VM (24.75-b04 mixed mode linux-amd64 compressed oops)
Heap
 def new generation   total 17216K, used 15360K [0x00000000d6800000, 0x00000000d7aa0000, 0x00000000e0e00000)
  eden space 15360K, 100% used [0x00000000d6800000, 0x00000000d7700000, 0x00000000d7700000)
  from space 1856K,   0% used [0x00000000d78d0000, 0x00000000d78d0000, 0x00000000d7aa0000)
  to   space 1856K,   0% used [0x00000000d7700000, 0x00000000d7703968, 0x00000000d78d0000)
 tenured generation   total 38088K, used 33979K [0x00000000e0e00000, 0x00000000e3332000, 0x00000000f5a00000)
   the space 38088K,  89% used [0x00000000e0e00000, 0x00000000e2f2eda0, 0x00000000e2f2ee00, 0x00000000e3332000)
 compacting perm gen  total 21248K, used 20290K [0x00000000f5a00000, 0x00000000f6ec0000, 0x0000000100000000)
   the space 21248K,  95% used [0x00000000f5a00000, 0x00000000f6dd0828, 0x00000000f6dd0a00, 0x00000000f6ec0000)
GC Heap History (10 events):
Event: 2375.385 GC heap after
Heap after GC invocations=6507 (full 5):
 def new generation   total 17216K, used 3K [0x00000000d6800000, 0x00000000d7aa0000, 0x00000000e0e00000)
  eden space 15360K,   0% used [0x00000000d6800000, 0x00000000d6800000, 0x00000000d7700000)
  from space 1856K,   0% used [0x00000000d78d0000, 0x00000000d78d0c38, 0x00000000d7aa0000)
  to   space 1856K,   0% used [0x00000000d7700000, 0x00000000d7700000, 0x00000000d78d0000)
 tenured generation   total 38088K, used 31780K [0x00000000e0e00000, 0x00000000e3332000, 0x00000000f5a00000)
   the space 38088K,  83% used [0x00000000e0e00000, 0x00000000e2d090d0, 0x00000000e2d09200, 0x00000000e3332000)
 compacting perm gen  total 21248K, used 19682K [0x00000000f5a00000, 0x00000000f6ec0000, 0x0000000100000000)
   the space 21248K,  92% used [0x00000000f5a00000, 0x00000000f6d38b30, 0x00000000f6d38c00, 0x00000000f6ec0000)
No shared spaces configured.
}
Event: 2375.781 GC heap before
{Heap before GC invocations=6507 (full 5):
 def new generation   total 17216K, used 15363K [0x00000000d6800000, 0x00000000d7aa0000, 0x00000000e0e00000)
  eden space 15360K, 100% used [0x00000000d6800000, 0x00000000d7700000, 0x00000000d7700000)
  from space 1856K,   0% used [0x00000000d78d0000, 0x00000000d78d0c38, 0x00000000d7aa0000)
  to   space 1856K,   0% used [0x00000000d7700000, 0x00000000d7700000, 0x00000000d78d0000)
 tenured generation   total 38088K, used 31780K [0x00000000e0e00000, 0x00000000e3332000, 0x00000000f5a00000)
   the space 38088K,  83% used [0x00000000e0e00000, 0x00000000e2d090d0, 0x00000000e2d09200, 0x00000000e3332000)
 compacting perm gen  total 21248K, used 19682K [0x00000000f5a00000, 0x00000000f6ec0000, 0x0000000100000000)
   the space 21248K,  92% used [0x00000000f5a00000, 0x00000000f6d38b70, 0x00000000f6d38c00, 0x00000000f6ec0000)
No shared spaces configured.
Event: 2375.782 GC heap after
Heap after GC invocations=6508 (full 5):
 def new generation   total 17216K, used 3K [0x00000000d6800000, 0x00000000d7aa0000, 0x00000000e0e00000)
  eden space 15360K,   0% used [0x00000000d6800000, 0x00000000d6800000, 0x00000000d7700000)
  from space 1856K,   0% used [0x00000000d7700000, 0x00000000d7700da0, 0x00000000d78d0000)
  to   space 1856K,   0% used [0x00000000d78d0000, 0x00000000d78d0000, 0x00000000d7aa0000)
 tenured generation   total 38088K, used 31780K [0x00000000e0e00000, 0x00000000e3332000, 0x00000000f5a00000)
   the space 38088K,  83% used [0x00000000e0e00000, 0x00000000e2d090d0, 0x00000000e2d09200, 0x00000000e3332000)
 compacting perm gen  total 21248K, used 19682K [0x00000000f5a00000, 0x00000000f6ec0000, 0x0000000100000000)
   the space 21248K,  92% used [0x00000000f5a00000, 0x00000000f6d38b70, 0x00000000f6d38c00, 0x00000000f6ec0000)
No shared spaces configured.
}
Event: 2378.650 GC heap before
{Heap before GC invocations=6508 (full 5):
 def new generation   total 17216K, used 15363K [0x00000000d6800000, 0x00000000d7aa0000, 0x00000000e0e00000)
  eden space 15360K, 100% used [0x00000000d6800000, 0x00000000d7700000, 0x00000000d7700000)
  from space 1856K,   0% used [0x00000000d7700000, 0x00000000d7700da0, 0x00000000d78d0000)
  to   space 1856K,   0% used [0x00000000d78d0000, 0x00000000d78d0000, 0x00000000d7aa0000)
 tenured generation   total 38088K, used 31780K [0x00000000e0e00000, 0x00000000e3332000, 0x00000000f5a00000)
   the space 38088K,  83% used [0x00000000e0e00000, 0x00000000e2d090d0, 0x00000000e2d09200, 0x00000000e3332000)
 compacting perm gen  total 21248K, used 19720K [0x00000000f5a00000, 0x00000000f6ec0000, 0x0000000100000000)
   the space 21248K,  92% used [0x00000000f5a00000, 0x00000000f6d423c8, 0x00000000f6d42400, 0x00000000f6ec0000)
No shared spaces configured.
Event: 2378.651 GC heap after
Heap after GC invocations=6509 (full 5):
 def new generation   total 17216K, used 105K [0x00000000d6800000, 0x00000000d7aa0000, 0x00000000e0e00000)
  eden space 15360K,   0% used [0x00000000d6800000, 0x00000000d6800000, 0x00000000d7700000)
  from space 1856K,   5% used [0x00000000d78d0000, 0x00000000d78ea710, 0x00000000d7aa0000)
  to   space 1856K,   0% used [0x00000000d7700000, 0x00000000d7700000, 0x00000000d78d0000)
 tenured generation   total 38088K, used 31780K [0x00000000e0e00000, 0x00000000e3332000, 0x00000000f5a00000)
   the space 38088K,  83% used [0x00000000e0e00000, 0x00000000e2d090d0, 0x00000000e2d09200, 0x00000000e3332000)
 compacting perm gen  total 21248K, used 19720K [0x00000000f5a00000, 0x00000000f6ec0000, 0x0000000100000000)
   the space 21248K,  92% used [0x00000000f5a00000, 0x00000000f6d423c8, 0x00000000f6d42400, 0x00000000f6ec0000)
No shared spaces configured.
}
Event: 2382.173 GC heap before
{Heap before GC invocations=6509 (full 5):
 def new generation   total 17216K, used 13939K [0x00000000d6800000, 0x00000000d7aa0000, 0x00000000e0e00000)
  eden space 15360K,  90% used [0x00000000d6800000, 0x00000000d75825f0, 0x00000000d7700000)
  from space 1856K,   5% used [0x00000000d78d0000, 0x00000000d78ea710, 0x00000000d7aa0000)
  to   space 1856K,   0% used [0x00000000d7700000, 0x00000000d7700000, 0x00000000d78d0000)
 tenured generation   total 38088K, used 31780K [0x00000000e0e00000, 0x00000000e3332000, 0x00000000f5a00000)
   the space 38088K,  83% used [0x00000000e0e00000, 0x00000000e2d090d0, 0x00000000e2d09200, 0x00000000e3332000)
 compacting perm gen  total 21248K, used 19761K [0x00000000f5a00000, 0x00000000f6ec0000, 0x0000000100000000)
   the space 21248K,  93% used [0x00000000f5a00000, 0x00000000f6d4c498, 0x00000000f6d4c600, 0x00000000f6ec0000)
No shared spaces configured.
Event: 2382.174 GC heap after
Heap after GC invocations=6510 (full 5):
 def new generation   total 17216K, used 7K [0x00000000d6800000, 0x00000000d7aa0000, 0x00000000e0e00000)
  eden space 15360K,   0% used [0x00000000d6800000, 0x00000000d6800000, 0x00000000d7700000)
  from space 1856K,   0% used [0x00000000d7700000, 0x00000000d7701fa8, 0x00000000d78d0000)
  to   space 1856K,   0% used [0x00000000d78d0000, 0x00000000d78d0000, 0x00000000d7aa0000)
 tenured generation   total 38088K, used 31780K [0x00000000e0e00000, 0x00000000e3332000, 0x00000000f5a00000)
   the space 38088K,  83% used [0x00000000e0e00000, 0x00000000e2d090d0, 0x00000000e2d09200, 0x00000000e3332000)
 compacting perm gen  total 21248K, used 19761K [0x00000000f5a00000, 0x00000000f6ec0000, 0x0000000100000000)
   the space 21248K,  93% used [0x00000000f5a00000, 0x00000000f6d4c498, 0x00000000f6d4c600, 0x00000000f6ec0000)
No shared spaces configured.
}
Event: 2382.560 GC heap before
{Heap before GC invocations=6510 (full 5):
 def new generation   total 17216K, used 12328K [0x00000000d6800000, 0x00000000d7aa0000, 0x00000000e0e00000)
  eden space 15360K,  80% used [0x00000000d6800000, 0x00000000d7408390, 0x00000000d7700000)
  from space 1856K,   0% used [0x00000000d7700000, 0x00000000d7701fa8, 0x00000000d78d0000)
  to   space 1856K,   0% used [0x00000000d78d0000, 0x00000000d78d0000, 0x00000000d7aa0000)
 tenured generation   total 38088K, used 31780K [0x00000000e0e00000, 0x00000000e3332000, 0x00000000f5a00000)
   the space 38088K,  83% used [0x00000000e0e00000, 0x00000000e2d090d0, 0x00000000e2d09200, 0x00000000e3332000)
 compacting perm gen  total 21248K, used 19879K [0x00000000f5a00000, 0x00000000f6ec0000, 0x0000000100000000)
   the space 21248K,  93% used [0x00000000f5a00000, 0x00000000f6d69d40, 0x00000000f6d69e00, 0x00000000f6ec0000)
No shared spaces configured.
Event: 2386.565 GC heap after
Heap after GC invocations=6511 (full 6):
 def new generation   total 17216K, used 0K [0x00000000d6800000, 0x00000000d7aa0000, 0x00000000e0e00000)
  eden space 15360K,   0% used [0x00000000d6800000, 0x00000000d6800000, 0x00000000d7700000)
  from space 1856K,   0% used [0x00000000d78d0000, 0x00000000d78d0000, 0x00000000d7aa0000)
  to   space 1856K,   0% used [0x00000000d7700000, 0x00000000d7700000, 0x00000000d78d0000)
 tenured generation   total 38088K, used 16420K [0x00000000e0e00000, 0x00000000e3332000, 0x00000000f5a00000)
   the space 38088K,  43% used [0x00000000e0e00000, 0x00000000e1e09050, 0x00000000e1e09200, 0x00000000e3332000)
 compacting perm gen  total 21248K, used 19879K [0x00000000f5a00000, 0x00000000f6ec0000, 0x0000000100000000)
   the space 21248K,  93% used [0x00000000f5a00000, 0x00000000f6d69d40, 0x00000000f6d69e00, 0x00000000f6ec0000)
No shared spaces configured.
}
Event: 2394.113 GC heap before
{Heap before GC invocations=6511 (full 6):
 def new generation   total 17216K, used 15360K [0x00000000d6800000, 0x00000000d7aa0000, 0x00000000e0e00000)
  eden space 15360K, 100% used [0x00000000d6800000, 0x00000000d7700000, 0x00000000d7700000)
  from space 1856K,   0% used [0x00000000d78d0000, 0x00000000d78d0000, 0x00000000d7aa0000)
  to   space 1856K,   0% used [0x00000000d7700000, 0x00000000d7700000, 0x00000000d78d0000)
 tenured generation   total 38088K, used 33979K [0x00000000e0e00000, 0x00000000e3332000, 0x00000000f5a00000)
   the space 38088K,  89% used [0x00000000e0e00000, 0x00000000e2f2eda0, 0x00000000e2f2ee00, 0x00000000e3332000)
 compacting perm gen  total 21248K, used 20290K [0x00000000f5a00000, 0x00000000f6ec0000, 0x0000000100000000)
   the space 21248K,  95% used [0x00000000f5a00000, 0x00000000f6dd0828, 0x00000000f6dd0a00, 0x00000000f6ec0000)
No shared spaces configured.

