# JRE version: OpenJDK Runtime Environment (7.0_75-b13) (build 1.7.0_75-b13)
# Java VM: OpenJDK 64-Bit Server VM (24.75-b04 mixed mode linux-amd64 compressed oops)
Heap
 def new generation   total 11456K, used 0K [0x00000000d6800000, 0x00000000d7460000, 0x00000000e0e00000)
  eden space 10240K,   0% used [0x00000000d6800000, 0x00000000d6800000, 0x00000000d7200000)
  from space 1216K,   0% used [0x00000000d7330000, 0x00000000d7330000, 0x00000000d7460000)
  to   space 1216K,   0% used [0x00000000d7200000, 0x00000000d7200000, 0x00000000d7330000)
 tenured generation   total 25428K, used 23548K [0x00000000e0e00000, 0x00000000e26d5000, 0x00000000f5a00000)
   the space 25428K,  92% used [0x00000000e0e00000, 0x00000000e24ff050, 0x00000000e24ff200, 0x00000000e26d5000)
 compacting perm gen  total 21248K, used 15131K [0x00000000f5a00000, 0x00000000f6ec0000, 0x0000000100000000)
   the space 21248K,  71% used [0x00000000f5a00000, 0x00000000f68c6fc0, 0x00000000f68c7000, 0x00000000f6ec0000)
GC Heap History (10 events):
Event: 27.486 GC heap after
Heap after GC invocations=30 (full 2):
 def new generation   total 11456K, used 1172K [0x00000000d6800000, 0x00000000d7460000, 0x00000000e0e00000)
  eden space 10240K,   0% used [0x00000000d6800000, 0x00000000d6800000, 0x00000000d7200000)
  from space 1216K,  96% used [0x00000000d7200000, 0x00000000d73250f0, 0x00000000d7330000)
  to   space 1216K,   0% used [0x00000000d7330000, 0x00000000d7330000, 0x00000000d7460000)
 tenured generation   total 25236K, used 16153K [0x00000000e0e00000, 0x00000000e26a5000, 0x00000000f5a00000)
   the space 25236K,  64% used [0x00000000e0e00000, 0x00000000e1dc6418, 0x00000000e1dc6600, 0x00000000e26a5000)
 compacting perm gen  total 21248K, used 10824K [0x00000000f5a00000, 0x00000000f6ec0000, 0x0000000100000000)
   the space 21248K,  50% used [0x00000000f5a00000, 0x00000000f64921c8, 0x00000000f6492200, 0x00000000f6ec0000)
No shared spaces configured.
}
Event: 27.956 GC heap before
{Heap before GC invocations=30 (full 2):
 def new generation   total 11456K, used 11412K [0x00000000d6800000, 0x00000000d7460000, 0x00000000e0e00000)
  eden space 10240K, 100% used [0x00000000d6800000, 0x00000000d7200000, 0x00000000d7200000)
  from space 1216K,  96% used [0x00000000d7200000, 0x00000000d73250f0, 0x00000000d7330000)
  to   space 1216K,   0% used [0x00000000d7330000, 0x00000000d7330000, 0x00000000d7460000)
 tenured generation   total 25236K, used 16153K [0x00000000e0e00000, 0x00000000e26a5000, 0x00000000f5a00000)
   the space 25236K,  64% used [0x00000000e0e00000, 0x00000000e1dc6418, 0x00000000e1dc6600, 0x00000000e26a5000)
 compacting perm gen  total 21248K, used 10831K [0x00000000f5a00000, 0x00000000f6ec0000, 0x0000000100000000)
   the space 21248K,  50% used [0x00000000f5a00000, 0x00000000f6493db8, 0x00000000f6493e00, 0x00000000f6ec0000)
No shared spaces configured.
Event: 28.030 GC heap after
Heap after GC invocations=31 (full 2):
 def new generation   total 11456K, used 1108K [0x00000000d6800000, 0x00000000d7460000, 0x00000000e0e00000)
  eden space 10240K,   0% used [0x00000000d6800000, 0x00000000d6800000, 0x00000000d7200000)
  from space 1216K,  91% used [0x00000000d7330000, 0x00000000d74450d8, 0x00000000d7460000)
  to   space 1216K,   0% used [0x00000000d7200000, 0x00000000d7200000, 0x00000000d7330000)
 tenured generation   total 25236K, used 17318K [0x00000000e0e00000, 0x00000000e26a5000, 0x00000000f5a00000)
   the space 25236K,  68% used [0x00000000e0e00000, 0x00000000e1ee9b50, 0x00000000e1ee9c00, 0x00000000e26a5000)
 compacting perm gen  total 21248K, used 10831K [0x00000000f5a00000, 0x00000000f6ec0000, 0x0000000100000000)
   the space 21248K,  50% used [0x00000000f5a00000, 0x00000000f6493db8, 0x00000000f6493e00, 0x00000000f6ec0000)
No shared spaces configured.
}
Event: 28.608 GC heap before
{Heap before GC invocations=31 (full 2):
 def new generation   total 11456K, used 11348K [0x00000000d6800000, 0x00000000d7460000, 0x00000000e0e00000)
  eden space 10240K, 100% used [0x00000000d6800000, 0x00000000d7200000, 0x00000000d7200000)
  from space 1216K,  91% used [0x00000000d7330000, 0x00000000d74450d8, 0x00000000d7460000)
  to   space 1216K,   0% used [0x00000000d7200000, 0x00000000d7200000, 0x00000000d7330000)
 tenured generation   total 25236K, used 17318K [0x00000000e0e00000, 0x00000000e26a5000, 0x00000000f5a00000)
   the space 25236K,  68% used [0x00000000e0e00000, 0x00000000e1ee9b50, 0x00000000e1ee9c00, 0x00000000e26a5000)
 compacting perm gen  total 21248K, used 10831K [0x00000000f5a00000, 0x00000000f6ec0000, 0x0000000100000000)
   the space 21248K,  50% used [0x00000000f5a00000, 0x00000000f6493fe8, 0x00000000f6494000, 0x00000000f6ec0000)
No shared spaces configured.
Event: 28.664 GC heap after
Heap after GC invocations=32 (full 2):
 def new generation   total 11456K, used 1174K [0x00000000d6800000, 0x00000000d7460000, 0x00000000e0e00000)
  eden space 10240K,   0% used [0x00000000d6800000, 0x00000000d6800000, 0x00000000d7200000)
  from space 1216K,  96% used [0x00000000d7200000, 0x00000000d7325900, 0x00000000d7330000)
  to   space 1216K,   0% used [0x00000000d7330000, 0x00000000d7330000, 0x00000000d7460000)
 tenured generation   total 25236K, used 18413K [0x00000000e0e00000, 0x00000000e26a5000, 0x00000000f5a00000)
   the space 25236K,  72% used [0x00000000e0e00000, 0x00000000e1ffb730, 0x00000000e1ffb800, 0x00000000e26a5000)
 compacting perm gen  total 21248K, used 10831K [0x00000000f5a00000, 0x00000000f6ec0000, 0x0000000100000000)
   the space 21248K,  50% used [0x00000000f5a00000, 0x00000000f6493fe8, 0x00000000f6494000, 0x00000000f6ec0000)
No shared spaces configured.
}
Event: 32.859 GC heap before
{Heap before GC invocations=32 (full 2):
 def new generation   total 11456K, used 11414K [0x00000000d6800000, 0x00000000d7460000, 0x00000000e0e00000)
  eden space 10240K, 100% used [0x00000000d6800000, 0x00000000d7200000, 0x00000000d7200000)
  from space 1216K,  96% used [0x00000000d7200000, 0x00000000d7325900, 0x00000000d7330000)
  to   space 1216K,   0% used [0x00000000d7330000, 0x00000000d7330000, 0x00000000d7460000)
 tenured generation   total 25236K, used 18413K [0x00000000e0e00000, 0x00000000e26a5000, 0x00000000f5a00000)
   the space 25236K,  72% used [0x00000000e0e00000, 0x00000000e1ffb730, 0x00000000e1ffb800, 0x00000000e26a5000)
 compacting perm gen  total 21248K, used 14034K [0x00000000f5a00000, 0x00000000f6ec0000, 0x0000000100000000)
   the space 21248K,  66% used [0x00000000f5a00000, 0x00000000f67b4b98, 0x00000000f67b4c00, 0x00000000f6ec0000)
No shared spaces configured.
Event: 33.009 GC heap after
Heap after GC invocations=33 (full 2):
 def new generation   total 11456K, used 1216K [0x00000000d6800000, 0x00000000d7460000, 0x00000000e0e00000)
  eden space 10240K,   0% used [0x00000000d6800000, 0x00000000d6800000, 0x00000000d7200000)
  from space 1216K, 100% used [0x00000000d7330000, 0x00000000d7460000, 0x00000000d7460000)
  to   space 1216K,   0% used [0x00000000d7200000, 0x00000000d7200000, 0x00000000d7330000)
 tenured generation   total 25236K, used 20762K [0x00000000e0e00000, 0x00000000e26a5000, 0x00000000f5a00000)
   the space 25236K,  82% used [0x00000000e0e00000, 0x00000000e2246a28, 0x00000000e2246c00, 0x00000000e26a5000)
 compacting perm gen  total 21248K, used 14034K [0x00000000f5a00000, 0x00000000f6ec0000, 0x0000000100000000)
   the space 21248K,  66% used [0x00000000f5a00000, 0x00000000f67b4b98, 0x00000000f67b4c00, 0x00000000f6ec0000)
No shared spaces configured.
}
Event: 38.836 GC heap before
{Heap before GC invocations=33 (full 2):
 def new generation   total 11456K, used 11456K [0x00000000d6800000, 0x00000000d7460000, 0x00000000e0e00000)
  eden space 10240K, 100% used [0x00000000d6800000, 0x00000000d7200000, 0x00000000d7200000)
  from space 1216K, 100% used [0x00000000d7330000, 0x00000000d7460000, 0x00000000d7460000)
  to   space 1216K,   0% used [0x00000000d7200000, 0x00000000d7200000, 0x00000000d7330000)
 tenured generation   total 25236K, used 20762K [0x00000000e0e00000, 0x00000000e26a5000, 0x00000000f5a00000)
   the space 25236K,  82% used [0x00000000e0e00000, 0x00000000e2246a28, 0x00000000e2246c00, 0x00000000e26a5000)
 compacting perm gen  total 21248K, used 15087K [0x00000000f5a00000, 0x00000000f6ec0000, 0x0000000100000000)
   the space 21248K,  71% used [0x00000000f5a00000, 0x00000000f68bbc40, 0x00000000f68bbe00, 0x00000000f6ec0000)
No shared spaces configured.
Event: 38.908 GC heap after
Heap after GC invocations=34 (full 2):
 def new generation   total 11456K, used 1216K [0x00000000d6800000, 0x00000000d7460000, 0x00000000e0e00000)
  eden space 10240K,   0% used [0x00000000d6800000, 0x00000000d6800000, 0x00000000d7200000)
  from space 1216K, 100% used [0x00000000d7200000, 0x00000000d7330000, 0x00000000d7330000)
  to   space 1216K,   0% used [0x00000000d7330000, 0x00000000d7330000, 0x00000000d7460000)
 tenured generation   total 25236K, used 23156K [0x00000000e0e00000, 0x00000000e26a5000, 0x00000000f5a00000)
   the space 25236K,  91% used [0x00000000e0e00000, 0x00000000e249d168, 0x00000000e249d200, 0x00000000e26a5000)
 compacting perm gen  total 21248K, used 15087K [0x00000000f5a00000, 0x00000000f6ec0000, 0x0000000100000000)
   the space 21248K,  71% used [0x00000000f5a00000, 0x00000000f68bbc40, 0x00000000f68bbe00, 0x00000000f6ec0000)
No shared spaces configured.
}
Event: 40.937 GC heap before
{Heap before GC invocations=34 (full 2):
 def new generation   total 11456K, used 11456K [0x00000000d6800000, 0x00000000d7460000, 0x00000000e0e00000)
  eden space 10240K, 100% used [0x00000000d6800000, 0x00000000d7200000, 0x00000000d7200000)
  from space 1216K, 100% used [0x00000000d7200000, 0x00000000d7330000, 0x00000000d7330000)
  to   space 1216K,   0% used [0x00000000d7330000, 0x00000000d7330000, 0x00000000d7460000)
 tenured generation   total 25236K, used 23156K [0x00000000e0e00000, 0x00000000e26a5000, 0x00000000f5a00000)
   the space 25236K,  91% used [0x00000000e0e00000, 0x00000000e249d168, 0x00000000e249d200, 0x00000000e26a5000)
 compacting perm gen  total 21248K, used 15131K [0x00000000f5a00000, 0x00000000f6ec0000, 0x0000000100000000)
   the space 21248K,  71% used [0x00000000f5a00000, 0x00000000f68c6fc0, 0x00000000f68c7000, 0x00000000f6ec0000)
No shared spaces configured.

