# JRE version: OpenJDK Runtime Environment (7.0_75-b13) (build 1.7.0_75-b13)
# Java VM: OpenJDK 64-Bit Server VM (24.75-b04 mixed mode linux-amd64 compressed oops)
Heap
 def new generation   total 82944K, used 70930K [0x00000000d6800000, 0x00000000dc200000, 0x00000000e0e00000)
  eden space 73728K,  91% used [0x00000000d6800000, 0x00000000da9c26f0, 0x00000000db000000)
  from space 9216K,  38% used [0x00000000db000000, 0x00000000db3824c8, 0x00000000db900000)
  to   space 9216K,   0% used [0x00000000db900000, 0x00000000db900048, 0x00000000dc200000)
 tenured generation   total 202572K, used 197948K [0x00000000e0e00000, 0x00000000ed3d3000, 0x00000000f5a00000)
   the space 202572K,  97% used [0x00000000e0e00000, 0x00000000ecf4f3c0, 0x00000000ecf4f400, 0x00000000ed3d3000)
 compacting perm gen  total 21248K, used 20352K [0x00000000f5a00000, 0x00000000f6ec0000, 0x0000000100000000)
   the space 21248K,  95% used [0x00000000f5a00000, 0x00000000f6de0350, 0x00000000f6de0400, 0x00000000f6ec0000)
GC Heap History (10 events):
Event: 2703.394 GC heap after
Heap after GC invocations=7139 (full 97):
 def new generation   total 82944K, used 0K [0x00000000d6800000, 0x00000000dc200000, 0x00000000e0e00000)
  eden space 73728K,   0% used [0x00000000d6800000, 0x00000000d6800000, 0x00000000db000000)
  from space 9216K,   0% used [0x00000000db000000, 0x00000000db000000, 0x00000000db900000)
  to   space 9216K,   0% used [0x00000000db900000, 0x00000000db900000, 0x00000000dc200000)
 tenured generation   total 184192K, used 92547K [0x00000000e0e00000, 0x00000000ec1e0000, 0x00000000f5a00000)
   the space 184192K,  50% used [0x00000000e0e00000, 0x00000000e6860ef8, 0x00000000e6861000, 0x00000000ec1e0000)
 compacting perm gen  total 21248K, used 20352K [0x00000000f5a00000, 0x00000000f6ec0000, 0x0000000100000000)
   the space 21248K,  95% used [0x00000000f5a00000, 0x00000000f6de0350, 0x00000000f6de0400, 0x00000000f6ec0000)
No shared spaces configured.
}
Event: 2704.145 GC heap before
{Heap before GC invocations=7139 (full 97):
 def new generation   total 82944K, used 67661K [0x00000000d6800000, 0x00000000dc200000, 0x00000000e0e00000)
  eden space 73728K,  91% used [0x00000000d6800000, 0x00000000daa13700, 0x00000000db000000)
  from space 9216K,   0% used [0x00000000db000000, 0x00000000db000000, 0x00000000db900000)
  to   space 9216K,   0% used [0x00000000db900000, 0x00000000db900000, 0x00000000dc200000)
 tenured generation   total 184192K, used 92547K [0x00000000e0e00000, 0x00000000ec1e0000, 0x00000000f5a00000)
   the space 184192K,  50% used [0x00000000e0e00000, 0x00000000e6860ef8, 0x00000000e6861000, 0x00000000ec1e0000)
 compacting perm gen  total 21248K, used 20352K [0x00000000f5a00000, 0x00000000f6ec0000, 0x0000000100000000)
   the space 21248K,  95% used [0x00000000f5a00000, 0x00000000f6de0350, 0x00000000f6de0400, 0x00000000f6ec0000)
No shared spaces configured.
Event: 2704.211 GC heap after
Heap after GC invocations=7140 (full 97):
 def new generation   total 82944K, used 0K [0x00000000d6800000, 0x00000000dc200000, 0x00000000e0e00000)
  eden space 73728K,   0% used [0x00000000d6800000, 0x00000000d6800000, 0x00000000db000000)
  from space 9216K,   0% used [0x00000000db900000, 0x00000000db900048, 0x00000000dc200000)
  to   space 9216K,   0% used [0x00000000db000000, 0x00000000db000000, 0x00000000db900000)
 tenured generation   total 184192K, used 135245K [0x00000000e0e00000, 0x00000000ec1e0000, 0x00000000f5a00000)
   the space 184192K,  73% used [0x00000000e0e00000, 0x00000000e9213430, 0x00000000e9213600, 0x00000000ec1e0000)
 compacting perm gen  total 21248K, used 20352K [0x00000000f5a00000, 0x00000000f6ec0000, 0x0000000100000000)
   the space 21248K,  95% used [0x00000000f5a00000, 0x00000000f6de0350, 0x00000000f6de0400, 0x00000000f6ec0000)
No shared spaces configured.
}
Event: 2705.321 GC heap before
{Heap before GC invocations=7140 (full 97):
 def new generation   total 82944K, used 69507K [0x00000000d6800000, 0x00000000dc200000, 0x00000000e0e00000)
  eden space 73728K,  94% used [0x00000000d6800000, 0x00000000dabe0ce8, 0x00000000db000000)
  from space 9216K,   0% used [0x00000000db900000, 0x00000000db900048, 0x00000000dc200000)
  to   space 9216K,   0% used [0x00000000db000000, 0x00000000db000000, 0x00000000db900000)
 tenured generation   total 184192K, used 135245K [0x00000000e0e00000, 0x00000000ec1e0000, 0x00000000f5a00000)
   the space 184192K,  73% used [0x00000000e0e00000, 0x00000000e9213430, 0x00000000e9213600, 0x00000000ec1e0000)
 compacting perm gen  total 21248K, used 20352K [0x00000000f5a00000, 0x00000000f6ec0000, 0x0000000100000000)
   the space 21248K,  95% used [0x00000000f5a00000, 0x00000000f6de0350, 0x00000000f6de0400, 0x00000000f6ec0000)
No shared spaces configured.
Event: 2705.419 GC heap after
Heap after GC invocations=7141 (full 97):
 def new generation   total 82944K, used 0K [0x00000000d6800000, 0x00000000dc200000, 0x00000000e0e00000)
  eden space 73728K,   0% used [0x00000000d6800000, 0x00000000d6800000, 0x00000000db000000)
  from space 9216K,   0% used [0x00000000db000000, 0x00000000db000048, 0x00000000db900000)
  to   space 9216K,   0% used [0x00000000db900000, 0x00000000db900000, 0x00000000dc200000)
 tenured generation   total 184192K, used 160732K [0x00000000e0e00000, 0x00000000ec1e0000, 0x00000000f5a00000)
   the space 184192K,  87% used [0x00000000e0e00000, 0x00000000eaaf7148, 0x00000000eaaf7200, 0x00000000ec1e0000)
 compacting perm gen  total 21248K, used 20352K [0x00000000f5a00000, 0x00000000f6ec0000, 0x0000000100000000)
   the space 21248K,  95% used [0x00000000f5a00000, 0x00000000f6de0350, 0x00000000f6de0400, 0x00000000f6ec0000)
No shared spaces configured.
}
Event: 2706.595 GC heap before
{Heap before GC invocations=7141 (full 97):
 def new generation   total 82944K, used 71714K [0x00000000d6800000, 0x00000000dc200000, 0x00000000e0e00000)
  eden space 73728K,  97% used [0x00000000d6800000, 0x00000000dae08908, 0x00000000db000000)
  from space 9216K,   0% used [0x00000000db000000, 0x00000000db000048, 0x00000000db900000)
  to   space 9216K,   0% used [0x00000000db900000, 0x00000000db900000, 0x00000000dc200000)
 tenured generation   total 184192K, used 160732K [0x00000000e0e00000, 0x00000000ec1e0000, 0x00000000f5a00000)
   the space 184192K,  87% used [0x00000000e0e00000, 0x00000000eaaf7148, 0x00000000eaaf7200, 0x00000000ec1e0000)
 compacting perm gen  total 21248K, used 20352K [0x00000000f5a00000, 0x00000000f6ec0000, 0x0000000100000000)
   the space 21248K,  95% used [0x00000000f5a00000, 0x00000000f6de0350, 0x00000000f6de0400, 0x00000000f6ec0000)
No shared spaces configured.
Event: 2706.598 GC heap after
Heap after GC invocations=7142 (full 97):
 def new generation   total 82944K, used 1K [0x00000000d6800000, 0x00000000dc200000, 0x00000000e0e00000)
  eden space 73728K,   0% used [0x00000000d6800000, 0x00000000d6800000, 0x00000000db000000)
  from space 9216K,   0% used [0x00000000db900000, 0x00000000db9004b8, 0x00000000dc200000)
  to   space 9216K,   0% used [0x00000000db000000, 0x00000000db000000, 0x00000000db900000)
 tenured generation   total 184192K, used 170152K [0x00000000e0e00000, 0x00000000ec1e0000, 0x00000000f5a00000)
   the space 184192K,  92% used [0x00000000e0e00000, 0x00000000eb42a048, 0x00000000eb42a200, 0x00000000ec1e0000)
 compacting perm gen  total 21248K, used 20352K [0x00000000f5a00000, 0x00000000f6ec0000, 0x0000000100000000)
   the space 21248K,  95% used [0x00000000f5a00000, 0x00000000f6de0350, 0x00000000f6de0400, 0x00000000f6ec0000)
No shared spaces configured.
}
Event: 2707.832 GC heap before
{Heap before GC invocations=7142 (full 97):
 def new generation   total 82944K, used 69540K [0x00000000d6800000, 0x00000000dc200000, 0x00000000e0e00000)
  eden space 73728K,  94% used [0x00000000d6800000, 0x00000000dabe8bd0, 0x00000000db000000)
  from space 9216K,   0% used [0x00000000db900000, 0x00000000db9004b8, 0x00000000dc200000)
  to   space 9216K,   0% used [0x00000000db000000, 0x00000000db000000, 0x00000000db900000)
 tenured generation   total 184192K, used 170152K [0x00000000e0e00000, 0x00000000ec1e0000, 0x00000000f5a00000)
   the space 184192K,  92% used [0x00000000e0e00000, 0x00000000eb42a048, 0x00000000eb42a200, 0x00000000ec1e0000)
 compacting perm gen  total 21248K, used 20352K [0x00000000f5a00000, 0x00000000f6ec0000, 0x0000000100000000)
   the space 21248K,  95% used [0x00000000f5a00000, 0x00000000f6de0350, 0x00000000f6de0400, 0x00000000f6ec0000)
No shared spaces configured.
Event: 2707.932 GC heap after
Heap after GC invocations=7143 (full 97):
 def new generation   total 82944K, used 3593K [0x00000000d6800000, 0x00000000dc200000, 0x00000000e0e00000)
  eden space 73728K,   0% used [0x00000000d6800000, 0x00000000d6800000, 0x00000000db000000)
  from space 9216K,  38% used [0x00000000db000000, 0x00000000db3824c8, 0x00000000db900000)
  to   space 9216K,   0% used [0x00000000db900000, 0x00000000db900000, 0x00000000dc200000)
 tenured generation   total 184192K, used 179571K [0x00000000e0e00000, 0x00000000ec1e0000, 0x00000000f5a00000)
   the space 184192K,  97% used [0x00000000e0e00000, 0x00000000ebd5cfb0, 0x00000000ebd5d000, 0x00000000ec1e0000)
 compacting perm gen  total 21248K, used 20352K [0x00000000f5a00000, 0x00000000f6ec0000, 0x0000000100000000)
   the space 21248K,  95% used [0x00000000f5a00000, 0x00000000f6de0350, 0x00000000f6de0400, 0x00000000f6ec0000)
No shared spaces configured.
}
Event: 2708.649 GC heap before
{Heap before GC invocations=7143 (full 97):
 def new generation   total 82944K, used 70930K [0x00000000d6800000, 0x00000000dc200000, 0x00000000e0e00000)
  eden space 73728K,  91% used [0x00000000d6800000, 0x00000000da9c26f0, 0x00000000db000000)
  from space 9216K,  38% used [0x00000000db000000, 0x00000000db3824c8, 0x00000000db900000)
  to   space 9216K,   0% used [0x00000000db900000, 0x00000000db900000, 0x00000000dc200000)
 tenured generation   total 184192K, used 179571K [0x00000000e0e00000, 0x00000000ec1e0000, 0x00000000f5a00000)
   the space 184192K,  97% used [0x00000000e0e00000, 0x00000000ebd5cfb0, 0x00000000ebd5d000, 0x00000000ec1e0000)
 compacting perm gen  total 21248K, used 20352K [0x00000000f5a00000, 0x00000000f6ec0000, 0x0000000100000000)
   the space 21248K,  95% used [0x00000000f5a00000, 0x00000000f6de0350, 0x00000000f6de0400, 0x00000000f6ec0000)
No shared spaces configured.

